[INFO ] 2021-10-11 04:53:43.468 [main] Contact2 - driver initialized
[INFO ] 2021-10-11 04:53:45.943 [main] Contact2 - successfully submitted
[INFO ] 2021-10-11 04:53:46.809 [main] Contact2 - successfully submitted
[INFO ] 2021-10-11 04:53:47.665 [main] Contact2 - successfully submitted
[INFO ] 2021-10-11 04:53:47.723 [main] Contact2 - navBar is displayed
[INFO ] 2021-10-11 04:53:47.730 [main] Contact2 - title validated
[INFO ] 2021-10-11 04:53:48.842 [main] Contact2 - driver closed
[INFO ] 2021-10-11 04:56:42.604 [main] Contact2 - driver initialized
[INFO ] 2021-10-11 04:56:43.550 [main] Contact2 - successfully submitted
[INFO ] 2021-10-11 04:56:44.364 [main] Contact2 - successfully submitted
[INFO ] 2021-10-11 04:56:45.985 [main] Contact2 - successfully submitted
[INFO ] 2021-10-11 04:56:46.029 [main] Contact2 - navBar is displayed
[INFO ] 2021-10-11 04:56:46.038 [main] Contact2 - title validated
[INFO ] 2021-10-11 04:56:46.159 [main] Contact2 - driver closed
[INFO ] 2021-10-11 05:03:13.106 [main] Contact2 - driver initialized
[INFO ] 2021-10-11 05:03:14.104 [main] Contact2 - successfully submitted
[INFO ] 2021-10-11 05:03:14.967 [main] Contact2 - successfully submitted
[INFO ] 2021-10-11 05:03:15.814 [main] Contact2 - successfully submitted
[INFO ] 2021-10-11 05:03:15.853 [main] Contact2 - navBar is displayed
[INFO ] 2021-10-11 05:03:15.860 [main] Contact2 - title validated
[INFO ] 2021-10-11 05:03:15.931 [main] Contact2 - driver closed
[INFO ] 2021-10-11 06:04:01.391 [main] Contact2 - driver initialized
[INFO ] 2021-10-11 06:04:02.895 [main] Contact2 - successfully submitted
[INFO ] 2021-10-11 06:04:03.748 [main] Contact2 - successfully submitted
[INFO ] 2021-10-11 06:04:04.598 [main] Contact2 - successfully submitted
[INFO ] 2021-10-11 06:04:04.679 [main] Contact2 - navBar is displayed
[INFO ] 2021-10-11 06:04:04.687 [main] Contact2 - title validated
[INFO ] 2021-10-11 06:04:04.992 [main] Contact2 - driver closed
[INFO ] 2021-10-11 06:05:03.892 [main] Contact2 - driver initialized
[INFO ] 2021-10-11 06:05:04.850 [main] Contact2 - successfully submitted
[INFO ] 2021-10-11 06:05:05.666 [main] Contact2 - successfully submitted
[INFO ] 2021-10-11 06:05:06.478 [main] Contact2 - successfully submitted
[INFO ] 2021-10-11 06:05:06.518 [main] Contact2 - navBar is displayed
[INFO ] 2021-10-11 06:05:06.701 [main] Contact2 - driver closed
[INFO ] 2021-10-11 06:20:39.580 [main] Contact2 - driver initialized
[INFO ] 2021-10-11 06:20:40.913 [main] Contact2 - successfully submitted
[INFO ] 2021-10-11 06:20:41.715 [main] Contact2 - successfully submitted
[INFO ] 2021-10-11 06:20:42.559 [main] Contact2 - successfully submitted
[INFO ] 2021-10-11 06:20:42.598 [main] Contact2 - navBar is displayed
[INFO ] 2021-10-11 06:20:43.757 [main] Contact2 - driver closed
[INFO ] 2021-10-11 06:28:56.332 [main] Contact2 - driver initialized
[INFO ] 2021-10-11 06:28:57.310 [main] Contact2 - successfully submitted
[INFO ] 2021-10-11 06:28:59.008 [main] Contact2 - successfully submitted
[INFO ] 2021-10-11 06:28:59.812 [main] Contact2 - successfully submitted
[INFO ] 2021-10-11 06:28:59.852 [main] Contact2 - navBar is displayed
[INFO ] 2021-10-11 06:29:00.086 [main] Contact2 - driver closed
[INFO ] 2021-10-11 07:15:09.892 [main] Contact2 - driver initialized
[INFO ] 2021-10-11 07:15:11.314 [main] Contact2 - successfully submitted
[INFO ] 2021-10-11 07:15:12.373 [main] Contact2 - successfully submitted
[INFO ] 2021-10-11 07:15:13.244 [main] Contact2 - successfully submitted
[INFO ] 2021-10-11 07:15:13.340 [main] Contact2 - navBar is displayed
[INFO ] 2021-10-11 07:15:14.062 [main] Contact2 - driver closed
[INFO ] 2021-10-11 07:20:49.779 [main] Contact2 - driver initialized
[INFO ] 2021-10-11 07:20:50.761 [main] Contact2 - successfully submitted
[INFO ] 2021-10-11 07:20:51.644 [main] Contact2 - successfully submitted
[INFO ] 2021-10-11 07:20:52.499 [main] Contact2 - successfully submitted
[INFO ] 2021-10-11 07:20:52.536 [main] Contact2 - navBar is displayed
[INFO ] 2021-10-11 07:20:52.743 [main] Contact2 - driver closed
[INFO ] 2021-10-11 08:21:19.352 [main] Contact2 - driver initialized
[INFO ] 2021-10-11 08:21:23.892 [main] Contact2 - successfully submitted
[INFO ] 2021-10-11 08:21:25.182 [main] Contact2 - successfully submitted
[INFO ] 2021-10-11 08:21:26.169 [main] Contact2 - successfully submitted
[INFO ] 2021-10-11 08:21:26.771 [main] Contact2 - navBar is displayed
[INFO ] 2021-10-11 08:21:33.976 [main] Contact2 - driver closed
[INFO ] 2021-10-11 08:25:32.652 [main] Contact2 - driver initialized
[INFO ] 2021-10-11 08:25:32.847 [TestNG-test=allTest-2] Contact2 - navBar is displayed
[INFO ] 2021-10-11 08:25:33.809 [TestNG-test=allTest-1] Contact2 - successfully submitted
[INFO ] 2021-10-11 08:25:34.625 [TestNG-test=allTest-1] Contact2 - successfully submitted
[INFO ] 2021-10-11 08:25:35.481 [TestNG-test=allTest-1] Contact2 - successfully submitted
[INFO ] 2021-10-11 08:25:35.529 [main] Contact2 - driver closed
